[ 2017-12-22T22:01:52+08:00 ] 127.0.0.1 /
INFO: [ app_init ] --START--
INFO: Run Behavior\BuildLiteBehavior [ RunTime:0.000000s ]
INFO: [ app_init ] --END-- [ RunTime:0.001000s ]
INFO: [ app_begin ] --START--
INFO: Run Behavior\ReadHtmlCacheBehavior [ RunTime:0.001000s ]
INFO: [ app_begin ] --END-- [ RunTime:0.001000s ]

[ 2017-12-22T22:01:52+08:00 ] 127.0.0.1 /index.php/Home/Login/login
INFO: [ app_init ] --START--
INFO: Run Behavior\BuildLiteBehavior [ RunTime:0.000000s ]
INFO: [ app_init ] --END-- [ RunTime:0.001000s ]
INFO: [ app_begin ] --START--
INFO: Run Behavior\ReadHtmlCacheBehavior [ RunTime:0.000000s ]
INFO: [ app_begin ] --END-- [ RunTime:0.000000s ]
NOTIC: [8] A session had already been started - ignoring session_start() D:\WWW\dev\devchongzhi\Application\Home\Controller\LoginController.class.php 第 30 行.
INFO: [ view_parse ] --START--
INFO: [ template_filter ] --START--
INFO: Run Behavior\ContentReplaceBehavior [ RunTime:0.000000s ]
INFO: [ template_filter ] --END-- [ RunTime:0.000000s ]
INFO: Run Behavior\ParseTemplateBehavior [ RunTime:0.087005s ]
INFO: [ view_parse ] --END-- [ RunTime:0.087005s ]
INFO: [ view_filter ] --START--
INFO: Run Behavior\WriteHtmlCacheBehavior [ RunTime:0.001000s ]
INFO: [ view_filter ] --END-- [ RunTime:0.003001s ]
INFO: [ app_end ] --START--
INFO: Run Behavior\ShowPageTraceBehavior [ RunTime:0.003000s ]
INFO: [ app_end ] --END-- [ RunTime:0.004000s ]

[ 2017-12-22T22:02:02+08:00 ] 127.0.0.1 /index.php/Home/Login/login
INFO: [ app_init ] --START--
INFO: Run Behavior\BuildLiteBehavior [ RunTime:0.000000s ]
INFO: [ app_init ] --END-- [ RunTime:0.000000s ]
INFO: [ app_begin ] --START--
INFO: Run Behavior\ReadHtmlCacheBehavior [ RunTime:0.000000s ]
INFO: [ app_begin ] --END-- [ RunTime:0.000000s ]
SQL: SHOW COLUMNS FROM `p_menber` [ RunTime:0.0910s ]
SQL: SELECT * FROM `p_menber` WHERE `name` = '100'  [ RunTime:0.0010s ]
NOTIC: [8] A session had already been started - ignoring session_start() D:\WWW\dev\devchongzhi\Application\Home\Controller\LoginController.class.php 第 22 行.
NOTIC: [8] Undefined index: name D:\WWW\dev\devchongzhi\Application\Home\Controller\LoginController.class.php 第 23 行.
NOTIC: [8] A session had already been started - ignoring session_start() D:\WWW\dev\devchongzhi\Application\Home\Controller\LoginController.class.php 第 30 行.
INFO: [ view_parse ] --START--
INFO: [ template_filter ] --START--
INFO: Run Behavior\ContentReplaceBehavior [ RunTime:0.000000s ]
INFO: [ template_filter ] --END-- [ RunTime:0.000000s ]
INFO: Run Behavior\ParseTemplateBehavior [ RunTime:0.011000s ]
INFO: [ view_parse ] --END-- [ RunTime:0.011000s ]
INFO: [ view_filter ] --START--
INFO: Run Behavior\WriteHtmlCacheBehavior [ RunTime:0.000000s ]
INFO: [ view_filter ] --END-- [ RunTime:0.000000s ]
INFO: [ app_end ] --START--
INFO: Run Behavior\ShowPageTraceBehavior [ RunTime:0.001000s ]
INFO: [ app_end ] --END-- [ RunTime:0.001000s ]

[ 2017-12-22T22:02:03+08:00 ] 127.0.0.1 /index.php/Home/Index/index
INFO: [ app_init ] --START--
INFO: Run Behavior\BuildLiteBehavior [ RunTime:0.000000s ]
INFO: [ app_init ] --END-- [ RunTime:0.001000s ]
INFO: [ app_begin ] --START--
INFO: Run Behavior\ReadHtmlCacheBehavior [ RunTime:0.002000s ]
INFO: [ app_begin ] --END-- [ RunTime:0.002000s ]
SQL: SHOW COLUMNS FROM `p_menber` [ RunTime:0.0260s ]
SQL: SELECT * FROM `p_menber` WHERE `uid` = 1  [ RunTime:0.0140s ]
SQL: SHOW COLUMNS FROM `p_product` [ RunTime:0.1040s ]
SQL: SELECT * FROM `p_product` WHERE `state` = 1 ORDER BY id DESC  [ RunTime:0.0200s ]
SQL: SHOW COLUMNS FROM `p_orderlog` [ RunTime:0.0560s ]
SQL: SELECT COUNT(*) AS tp_count FROM `p_orderlog` WHERE `userid` = 1 AND `state` = 1 AND `type` = 2 LIMIT 1   [ RunTime:0.0880s ]
SQL: SELECT COUNT(*) AS tp_count FROM `p_orderlog` WHERE `userid` = 1 AND `state` = 1 AND `type` = 3 LIMIT 1   [ RunTime:0.0110s ]
SQL: SELECT COUNT(*) AS tp_count FROM `p_orderlog` WHERE `userid` = 1 AND `state` = 1 AND `type` = 4 LIMIT 1   [ RunTime:0.0010s ]
SQL: SHOW COLUMNS FROM `p_incomelog` [ RunTime:0.1200s ]
SQL: SELECT * FROM `p_incomelog` WHERE `userid` = 1 ORDER BY id DESC  [ RunTime:0.0110s ]
SQL: SELECT `uid`,`tel`,`name`,`fuids`,`addtime`,`addymd` FROM `p_menber` WHERE `fuid` = 1  [ RunTime:0.0010s ]
SQL: SELECT `uid`,`tel`,`name`,`fuids`,`addtime`,`addymd` FROM `p_menber` WHERE `fuid` = 2  [ RunTime:0.0010s ]
SQL: SELECT `uid`,`tel`,`name`,`fuids`,`addtime`,`addymd` FROM `p_menber` WHERE `fuid` = 34  [ RunTime:0.0010s ]
SQL: SELECT `uid`,`tel`,`name`,`fuids`,`addtime`,`addymd` FROM `p_menber` WHERE `fuid` = 35  [ RunTime:0.0010s ]
SQL: SELECT `uid`,`tel`,`name`,`fuids`,`addtime`,`addymd` FROM `p_menber` WHERE `fuid` = 36  [ RunTime:0.0010s ]
SQL: SELECT `uid`,`tel`,`name`,`fuids`,`addtime`,`addymd` FROM `p_menber` WHERE `fuid` = 37  [ RunTime:0.0000s ]
NOTIC: [8] Undefined offset: 6 D:\WWW\dev\devchongzhi\Application\Home\Controller\IndexController.class.php 第 296 行.
INFO: [ view_parse ] --START--
INFO: [ template_filter ] --START--
INFO: Run Behavior\ContentReplaceBehavior [ RunTime:0.000000s ]
INFO: [ template_filter ] --END-- [ RunTime:0.000000s ]
INFO: Run Behavior\ParseTemplateBehavior [ RunTime:0.047003s ]
INFO: [ view_parse ] --END-- [ RunTime:0.047003s ]
INFO: [ view_filter ] --START--
INFO: Run Behavior\WriteHtmlCacheBehavior [ RunTime:0.001000s ]
INFO: [ view_filter ] --END-- [ RunTime:0.001000s ]
INFO: [ app_end ] --START--
INFO: Run Behavior\ShowPageTraceBehavior [ RunTime:0.001000s ]
INFO: [ app_end ] --END-- [ RunTime:0.001000s ]

[ 2017-12-22T22:02:07+08:00 ] 127.0.0.1 /index.php/Home/Index/assets.html
INFO: [ app_init ] --START--
INFO: Run Behavior\BuildLiteBehavior [ RunTime:0.000000s ]
INFO: [ app_init ] --END-- [ RunTime:0.001000s ]
INFO: [ app_begin ] --START--
INFO: Run Behavior\ReadHtmlCacheBehavior [ RunTime:0.000000s ]
INFO: [ app_begin ] --END-- [ RunTime:0.000000s ]
SQL: SHOW COLUMNS FROM `p_menber` [ RunTime:0.0230s ]
SQL: SELECT * FROM `p_menber` WHERE `uid` = 1  [ RunTime:0.0010s ]
SQL: SHOW COLUMNS FROM `p_incomelog` [ RunTime:0.0230s ]
SQL: SELECT SUM(income) AS tp_sum FROM `p_incomelog` WHERE `userid` = 1 AND `state` = 1 AND `type` IN ('1','9','11') LIMIT 1   [ RunTime:0.0180s ]
SQL: SELECT SUM(income) AS tp_sum FROM `p_incomelog` WHERE `state` = 1 AND `type` = 1 LIMIT 1   [ RunTime:0.0010s ]
INFO: [ view_parse ] --START--
INFO: [ template_filter ] --START--
INFO: Run Behavior\ContentReplaceBehavior [ RunTime:0.000000s ]
INFO: [ template_filter ] --END-- [ RunTime:0.001000s ]
INFO: Run Behavior\ParseTemplateBehavior [ RunTime:0.035002s ]
INFO: [ view_parse ] --END-- [ RunTime:0.035002s ]
INFO: [ view_filter ] --START--
INFO: Run Behavior\WriteHtmlCacheBehavior [ RunTime:0.000000s ]
INFO: [ view_filter ] --END-- [ RunTime:0.000000s ]
INFO: [ app_end ] --START--
INFO: Run Behavior\ShowPageTraceBehavior [ RunTime:0.001000s ]
INFO: [ app_end ] --END-- [ RunTime:0.001000s ]

[ 2017-12-22T22:05:14+08:00 ] 127.0.0.1 /index.php/Home/Index/assets.html
INFO: [ app_init ] --START--
INFO: Run Behavior\BuildLiteBehavior [ RunTime:0.000000s ]
INFO: [ app_init ] --END-- [ RunTime:0.002000s ]
INFO: [ app_begin ] --START--
INFO: Run Behavior\ReadHtmlCacheBehavior [ RunTime:0.015001s ]
INFO: [ app_begin ] --END-- [ RunTime:0.015001s ]
SQL: SHOW COLUMNS FROM `p_menber` [ RunTime:0.0210s ]
SQL: SELECT * FROM `p_menber` WHERE `uid` = 1  [ RunTime:0.0010s ]
SQL: SHOW COLUMNS FROM `p_incomelog` [ RunTime:0.0220s ]
SQL: SELECT SUM(income) AS tp_sum FROM `p_incomelog` WHERE `userid` = 1 AND `state` = 1 AND `type` IN ('1','9','11') LIMIT 1   [ RunTime:0.0010s ]
SQL: SELECT SUM(income) AS tp_sum FROM `p_incomelog` WHERE `state` = 1 AND `type` = 1 LIMIT 1   [ RunTime:0.0010s ]
INFO: [ view_parse ] --START--
INFO: [ template_filter ] --START--
INFO: Run Behavior\ContentReplaceBehavior [ RunTime:0.000000s ]
INFO: [ template_filter ] --END-- [ RunTime:0.000000s ]
INFO: Run Behavior\ParseTemplateBehavior [ RunTime:0.038002s ]
INFO: [ view_parse ] --END-- [ RunTime:0.039002s ]
INFO: [ view_filter ] --START--
INFO: Run Behavior\WriteHtmlCacheBehavior [ RunTime:0.018001s ]
INFO: [ view_filter ] --END-- [ RunTime:0.019001s ]
INFO: [ app_end ] --START--
INFO: Run Behavior\ShowPageTraceBehavior [ RunTime:0.001000s ]
INFO: [ app_end ] --END-- [ RunTime:0.001000s ]

[ 2017-12-22T22:05:48+08:00 ] 127.0.0.1 /index.php/Home/Login/login
INFO: [ app_init ] --START--
INFO: Run Behavior\BuildLiteBehavior [ RunTime:0.000000s ]
INFO: [ app_init ] --END-- [ RunTime:0.001000s ]
INFO: [ app_begin ] --START--
INFO: Run Behavior\ReadHtmlCacheBehavior [ RunTime:0.001000s ]
INFO: [ app_begin ] --END-- [ RunTime:0.001000s ]
NOTIC: [8] A session had already been started - ignoring session_start() D:\WWW\dev\devchongzhi\Application\Home\Controller\LoginController.class.php 第 30 行.
INFO: [ view_parse ] --START--
INFO: [ template_filter ] --START--
INFO: Run Behavior\ContentReplaceBehavior [ RunTime:0.000000s ]
INFO: [ template_filter ] --END-- [ RunTime:0.000000s ]
INFO: Run Behavior\ParseTemplateBehavior [ RunTime:0.020001s ]
INFO: [ view_parse ] --END-- [ RunTime:0.020001s ]
INFO: [ view_filter ] --START--
INFO: Run Behavior\WriteHtmlCacheBehavior [ RunTime:0.000000s ]
INFO: [ view_filter ] --END-- [ RunTime:0.000000s ]
INFO: [ app_end ] --START--
INFO: Run Behavior\ShowPageTraceBehavior [ RunTime:0.001000s ]
INFO: [ app_end ] --END-- [ RunTime:0.001000s ]

[ 2017-12-22T22:05:50+08:00 ] 127.0.0.1 /index.php/Home/Login/reg.html
INFO: [ app_init ] --START--
INFO: Run Behavior\BuildLiteBehavior [ RunTime:0.000000s ]
INFO: [ app_init ] --END-- [ RunTime:0.001000s ]
INFO: [ app_begin ] --START--
INFO: Run Behavior\ReadHtmlCacheBehavior [ RunTime:0.001000s ]
INFO: [ app_begin ] --END-- [ RunTime:0.001000s ]
SQL: SHOW COLUMNS FROM `p_menber` [ RunTime:0.0260s ]
NOTIC: [8] Undefined index: fid D:\WWW\dev\devchongzhi\Application\Home\Controller\LoginController.class.php 第 118 行.
INFO: [ view_parse ] --START--
INFO: [ template_filter ] --START--
INFO: Run Behavior\ContentReplaceBehavior [ RunTime:0.000000s ]
INFO: [ template_filter ] --END-- [ RunTime:0.000000s ]
INFO: Run Behavior\ParseTemplateBehavior [ RunTime:0.051003s ]
INFO: [ view_parse ] --END-- [ RunTime:0.051003s ]
INFO: [ view_filter ] --START--
INFO: Run Behavior\WriteHtmlCacheBehavior [ RunTime:0.000000s ]
INFO: [ view_filter ] --END-- [ RunTime:0.000000s ]
INFO: [ app_end ] --START--
INFO: Run Behavior\ShowPageTraceBehavior [ RunTime:0.001000s ]
INFO: [ app_end ] --END-- [ RunTime:0.001000s ]

[ 2017-12-22T22:06:09+08:00 ] 127.0.0.1 /index.php/Home/Login/sendTel
INFO: [ app_init ] --START--
INFO: Run Behavior\BuildLiteBehavior [ RunTime:0.000000s ]
INFO: [ app_init ] --END-- [ RunTime:0.001000s ]
INFO: [ app_begin ] --START--
INFO: Run Behavior\ReadHtmlCacheBehavior [ RunTime:0.001000s ]
INFO: [ app_begin ] --END-- [ RunTime:0.001000s ]
SQL: SHOW COLUMNS FROM `p_menber` [ RunTime:0.0250s ]
SQL: SELECT * FROM `p_menber` WHERE `tel` = '18883287644'  [ RunTime:0.0020s ]
NOTIC: [8] Undefined offset: 0 D:\WWW\dev\devchongzhi\Application\Home\Controller\LoginController.class.php 第 136 行.
SQL: SHOW COLUMNS FROM `p_message` [ RunTime:0.1040s ]
SQL: SELECT * FROM `p_message` WHERE `tel` = '18883287644' AND `state` = 1  [ RunTime:0.0010s ]

[ 2017-12-22T22:06:55+08:00 ] 127.0.0.1 /index.php/Home/Login/reg.html
INFO: [ app_init ] --START--
INFO: Run Behavior\BuildLiteBehavior [ RunTime:0.000000s ]
INFO: [ app_init ] --END-- [ RunTime:0.001000s ]
INFO: [ app_begin ] --START--
INFO: Run Behavior\ReadHtmlCacheBehavior [ RunTime:0.001000s ]
INFO: [ app_begin ] --END-- [ RunTime:0.001000s ]
SQL: SHOW COLUMNS FROM `p_menber` [ RunTime:0.0180s ]
SQL: SELECT * FROM `p_menber` WHERE `tel` = '18883287644'  [ RunTime:0.0030s ]
NOTIC: [8] Undefined offset: 0 D:\WWW\dev\devchongzhi\Application\Home\Controller\LoginController.class.php 第 48 行.
SQL: SHOW COLUMNS FROM `p_message` [ RunTime:0.0190s ]
SQL: SELECT * FROM `p_message` WHERE `tel` = '18883287644' AND `state` = 1 LIMIT 1   [ RunTime:0.0010s ]
NOTIC: [8] Undefined index: fid D:\WWW\dev\devchongzhi\Application\Home\Controller\LoginController.class.php 第 76 行.
NOTIC: [8] Undefined index: email D:\WWW\dev\devchongzhi\Application\Home\Controller\LoginController.class.php 第 81 行.
SQL: INSERT INTO `p_menber` (`name`,`pwd`,`pwd2`,`tel`,`email`,`addtime`,`addymd`,`dongbag`,`jingbag`,`chargebag`) VALUES ('18883287644','1','1','18883287644',NULL,'1513951615','2017-12-22','0','0','0') [ RunTime:0.0550s ]
NOTIC: [8] A session had already been started - ignoring session_start() D:\WWW\dev\devchongzhi\Application\Home\Controller\LoginController.class.php 第 103 行.
NOTIC: [8] Undefined index: name D:\WWW\dev\devchongzhi\Application\Home\Controller\LoginController.class.php 第 104 行.
NOTIC: [8] Undefined variable: fuids D:\WWW\dev\devchongzhi\Application\Home\Controller\LoginController.class.php 第 107 行.
SQL: UPDATE `p_menber` SET `fuids`='40,' WHERE `uid` = 40 [ RunTime:0.0220s ]

[ 2017-12-22T22:06:55+08:00 ] 127.0.0.1 /index.php/Home/Index/index
INFO: [ app_init ] --START--
INFO: Run Behavior\BuildLiteBehavior [ RunTime:0.000000s ]
INFO: [ app_init ] --END-- [ RunTime:0.001000s ]
INFO: [ app_begin ] --START--
INFO: Run Behavior\ReadHtmlCacheBehavior [ RunTime:0.001000s ]
INFO: [ app_begin ] --END-- [ RunTime:0.002000s ]
SQL: SHOW COLUMNS FROM `p_menber` [ RunTime:0.0280s ]
SQL: SELECT * FROM `p_menber` WHERE `uid` = 40  [ RunTime:0.0020s ]
SQL: SHOW COLUMNS FROM `p_product` [ RunTime:0.0280s ]
SQL: SELECT * FROM `p_product` WHERE `state` = 1 ORDER BY id DESC  [ RunTime:0.0020s ]
SQL: SHOW COLUMNS FROM `p_orderlog` [ RunTime:0.0370s ]
SQL: SELECT COUNT(*) AS tp_count FROM `p_orderlog` WHERE `userid` = 40 AND `state` = 1 AND `type` = 2 LIMIT 1   [ RunTime:0.0010s ]
SQL: SELECT COUNT(*) AS tp_count FROM `p_orderlog` WHERE `userid` = 40 AND `state` = 1 AND `type` = 3 LIMIT 1   [ RunTime:0.0020s ]
SQL: SELECT COUNT(*) AS tp_count FROM `p_orderlog` WHERE `userid` = 40 AND `state` = 1 AND `type` = 4 LIMIT 1   [ RunTime:0.0020s ]
SQL: SHOW COLUMNS FROM `p_incomelog` [ RunTime:0.0300s ]
SQL: SELECT * FROM `p_incomelog` WHERE `userid` = 40 ORDER BY id DESC  [ RunTime:0.0010s ]
SQL: SELECT `uid`,`tel`,`name`,`fuids`,`addtime`,`addymd` FROM `p_menber` WHERE `fuid` = 40  [ RunTime:0.0010s ]
NOTIC: [8] Undefined offset: 1 D:\WWW\dev\devchongzhi\Application\Home\Controller\IndexController.class.php 第 296 行.
NOTIC: [8] Undefined offset: 2 D:\WWW\dev\devchongzhi\Application\Home\Controller\IndexController.class.php 第 296 行.
NOTIC: [8] Undefined offset: 3 D:\WWW\dev\devchongzhi\Application\Home\Controller\IndexController.class.php 第 296 行.
NOTIC: [8] Undefined offset: 4 D:\WWW\dev\devchongzhi\Application\Home\Controller\IndexController.class.php 第 296 行.
NOTIC: [8] Undefined offset: 5 D:\WWW\dev\devchongzhi\Application\Home\Controller\IndexController.class.php 第 296 行.
NOTIC: [8] Undefined offset: 6 D:\WWW\dev\devchongzhi\Application\Home\Controller\IndexController.class.php 第 296 行.
INFO: [ view_parse ] --START--
INFO: [ template_filter ] --START--
INFO: Run Behavior\ContentReplaceBehavior [ RunTime:0.001000s ]
INFO: [ template_filter ] --END-- [ RunTime:0.001000s ]
INFO: Run Behavior\ParseTemplateBehavior [ RunTime:0.045002s ]
INFO: [ view_parse ] --END-- [ RunTime:0.045002s ]
INFO: [ view_filter ] --START--
INFO: Run Behavior\WriteHtmlCacheBehavior [ RunTime:0.000000s ]
INFO: [ view_filter ] --END-- [ RunTime:0.000000s ]
INFO: [ app_end ] --START--
INFO: Run Behavior\ShowPageTraceBehavior [ RunTime:0.001001s ]
INFO: [ app_end ] --END-- [ RunTime:0.001001s ]

[ 2017-12-22T22:06:57+08:00 ] 127.0.0.1 /index.php/Home/Index/assets.html
INFO: [ app_init ] --START--
INFO: Run Behavior\BuildLiteBehavior [ RunTime:0.000000s ]
INFO: [ app_init ] --END-- [ RunTime:0.001000s ]
INFO: [ app_begin ] --START--
INFO: Run Behavior\ReadHtmlCacheBehavior [ RunTime:0.001000s ]
INFO: [ app_begin ] --END-- [ RunTime:0.001000s ]
SQL: SHOW COLUMNS FROM `p_menber` [ RunTime:0.0390s ]
SQL: SELECT * FROM `p_menber` WHERE `uid` = 40  [ RunTime:0.0010s ]
SQL: SHOW COLUMNS FROM `p_incomelog` [ RunTime:0.0240s ]
SQL: SELECT SUM(income) AS tp_sum FROM `p_incomelog` WHERE `userid` = 40 AND `state` = 1 AND `type` IN ('1','9','11') LIMIT 1   [ RunTime:0.0010s ]
SQL: SELECT SUM(income) AS tp_sum FROM `p_incomelog` WHERE `state` = 1 AND `type` = 1 LIMIT 1   [ RunTime:0.0010s ]
INFO: [ view_parse ] --START--
INFO: [ template_filter ] --START--
INFO: Run Behavior\ContentReplaceBehavior [ RunTime:0.000000s ]
INFO: [ template_filter ] --END-- [ RunTime:0.000000s ]
INFO: Run Behavior\ParseTemplateBehavior [ RunTime:0.012001s ]
INFO: [ view_parse ] --END-- [ RunTime:0.012001s ]
INFO: [ view_filter ] --START--
INFO: Run Behavior\WriteHtmlCacheBehavior [ RunTime:0.000000s ]
INFO: [ view_filter ] --END-- [ RunTime:0.000000s ]
INFO: [ app_end ] --START--
INFO: Run Behavior\ShowPageTraceBehavior [ RunTime:0.001000s ]
INFO: [ app_end ] --END-- [ RunTime:0.001000s ]

[ 2017-12-22T22:08:15+08:00 ] 127.0.0.1 /index.php/Home/Index/assets.html
INFO: [ app_init ] --START--
INFO: Run Behavior\BuildLiteBehavior [ RunTime:0.000000s ]
INFO: [ app_init ] --END-- [ RunTime:0.001000s ]
INFO: [ app_begin ] --START--
INFO: Run Behavior\ReadHtmlCacheBehavior [ RunTime:0.001000s ]
INFO: [ app_begin ] --END-- [ RunTime:0.001000s ]
SQL: SHOW COLUMNS FROM `p_menber` [ RunTime:0.0170s ]
SQL: SELECT * FROM `p_menber` WHERE `uid` = 40  [ RunTime:0.0020s ]
SQL: SHOW COLUMNS FROM `p_incomelog` [ RunTime:0.0170s ]
SQL: SELECT SUM(income) AS tp_sum FROM `p_incomelog` WHERE `userid` = 40 AND `state` = 1 AND `type` IN ('1','9','11') LIMIT 1   [ RunTime:0.0000s ]
SQL: SELECT SUM(income) AS tp_sum FROM `p_incomelog` WHERE `state` = 1 AND `type` = 1 LIMIT 1   [ RunTime:0.0000s ]
INFO: [ view_parse ] --START--
INFO: [ template_filter ] --START--
INFO: Run Behavior\ContentReplaceBehavior [ RunTime:0.000000s ]
INFO: [ template_filter ] --END-- [ RunTime:0.000000s ]
INFO: Run Behavior\ParseTemplateBehavior [ RunTime:0.013001s ]
INFO: [ view_parse ] --END-- [ RunTime:0.013001s ]
INFO: [ view_filter ] --START--
INFO: Run Behavior\WriteHtmlCacheBehavior [ RunTime:0.001000s ]
INFO: [ view_filter ] --END-- [ RunTime:0.001000s ]
INFO: [ app_end ] --START--
INFO: Run Behavior\ShowPageTraceBehavior [ RunTime:0.000000s ]
INFO: [ app_end ] --END-- [ RunTime:0.001000s ]

[ 2017-12-22T22:08:45+08:00 ] 127.0.0.1 /index.php/Home/Index/assets.html
INFO: [ app_init ] --START--
INFO: Run Behavior\BuildLiteBehavior [ RunTime:0.000000s ]
INFO: [ app_init ] --END-- [ RunTime:0.001000s ]
INFO: [ app_begin ] --START--
INFO: Run Behavior\ReadHtmlCacheBehavior [ RunTime:0.001000s ]
INFO: [ app_begin ] --END-- [ RunTime:0.001000s ]
SQL: SHOW COLUMNS FROM `p_menber` [ RunTime:0.0220s ]
SQL: SELECT * FROM `p_menber` WHERE `uid` = 40  [ RunTime:0.0030s ]
SQL: SHOW COLUMNS FROM `p_incomelog` [ RunTime:0.0180s ]
SQL: SELECT SUM(income) AS tp_sum FROM `p_incomelog` WHERE `userid` = 40 AND `state` = 1 AND `type` IN ('1','9','11') LIMIT 1   [ RunTime:0.0010s ]
SQL: SELECT SUM(income) AS tp_sum FROM `p_incomelog` WHERE `state` = 1 AND `type` = 1 LIMIT 1   [ RunTime:0.0010s ]
INFO: [ view_parse ] --START--
INFO: [ template_filter ] --START--
INFO: Run Behavior\ContentReplaceBehavior [ RunTime:0.000000s ]
INFO: [ template_filter ] --END-- [ RunTime:0.000000s ]
INFO: Run Behavior\ParseTemplateBehavior [ RunTime:0.009000s ]
INFO: [ view_parse ] --END-- [ RunTime:0.009000s ]
INFO: [ view_filter ] --START--
INFO: Run Behavior\WriteHtmlCacheBehavior [ RunTime:0.001000s ]
INFO: [ view_filter ] --END-- [ RunTime:0.001000s ]
INFO: [ app_end ] --START--
INFO: Run Behavior\ShowPageTraceBehavior [ RunTime:0.001000s ]
INFO: [ app_end ] --END-- [ RunTime:0.001000s ]

[ 2017-12-22T22:09:31+08:00 ] 127.0.0.1 /index.php/Home/Index/assets.html
INFO: [ app_init ] --START--
INFO: Run Behavior\BuildLiteBehavior [ RunTime:0.000000s ]
INFO: [ app_init ] --END-- [ RunTime:0.000000s ]
INFO: [ app_begin ] --START--
INFO: Run Behavior\ReadHtmlCacheBehavior [ RunTime:0.001000s ]
INFO: [ app_begin ] --END-- [ RunTime:0.001000s ]
SQL: SHOW COLUMNS FROM `p_menber` [ RunTime:0.0240s ]
SQL: SELECT * FROM `p_menber` WHERE `uid` = 40  [ RunTime:0.0020s ]
SQL: SHOW COLUMNS FROM `p_incomelog` [ RunTime:0.0170s ]
SQL: SELECT SUM(income) AS tp_sum FROM `p_incomelog` WHERE `userid` = 40 AND `state` = 1 AND `type` IN ('1','9','11') LIMIT 1   [ RunTime:0.0020s ]
SQL: SELECT SUM(income) AS tp_sum FROM `p_incomelog` WHERE `state` = 1 AND `type` = 1 LIMIT 1   [ RunTime:0.0020s ]
INFO: [ view_parse ] --START--
INFO: [ template_filter ] --START--
INFO: Run Behavior\ContentReplaceBehavior [ RunTime:0.001000s ]
INFO: [ template_filter ] --END-- [ RunTime:0.001000s ]
INFO: Run Behavior\ParseTemplateBehavior [ RunTime:0.010000s ]
INFO: [ view_parse ] --END-- [ RunTime:0.010000s ]
INFO: [ view_filter ] --START--
INFO: Run Behavior\WriteHtmlCacheBehavior [ RunTime:0.000000s ]
INFO: [ view_filter ] --END-- [ RunTime:0.001000s ]
INFO: [ app_end ] --START--
INFO: Run Behavior\ShowPageTraceBehavior [ RunTime:0.000000s ]
INFO: [ app_end ] --END-- [ RunTime:0.000000s ]

[ 2017-12-22T22:09:57+08:00 ] 127.0.0.1 /index.php/Home/Index/assets.html
INFO: [ app_init ] --START--
INFO: Run Behavior\BuildLiteBehavior [ RunTime:0.000000s ]
INFO: [ app_init ] --END-- [ RunTime:0.000000s ]
INFO: [ app_begin ] --START--
INFO: Run Behavior\ReadHtmlCacheBehavior [ RunTime:0.004000s ]
INFO: [ app_begin ] --END-- [ RunTime:0.004000s ]
SQL: SHOW COLUMNS FROM `p_menber` [ RunTime:0.0270s ]
SQL: SELECT * FROM `p_menber` WHERE `uid` = 40  [ RunTime:0.0030s ]
SQL: SHOW COLUMNS FROM `p_incomelog` [ RunTime:0.0270s ]
SQL: SELECT SUM(income) AS tp_sum FROM `p_incomelog` WHERE `userid` = 40 AND `state` = 1 AND `type` IN ('1','9','11') LIMIT 1   [ RunTime:0.0020s ]
SQL: SELECT SUM(income) AS tp_sum FROM `p_incomelog` WHERE `state` = 1 AND `type` = 1 LIMIT 1   [ RunTime:0.0010s ]
INFO: [ view_parse ] --START--
INFO: [ template_filter ] --START--
INFO: Run Behavior\ContentReplaceBehavior [ RunTime:0.000000s ]
INFO: [ template_filter ] --END-- [ RunTime:0.000000s ]
INFO: Run Behavior\ParseTemplateBehavior [ RunTime:0.015001s ]
INFO: [ view_parse ] --END-- [ RunTime:0.015001s ]
INFO: [ view_filter ] --START--
INFO: Run Behavior\WriteHtmlCacheBehavior [ RunTime:0.000000s ]
INFO: [ view_filter ] --END-- [ RunTime:0.000000s ]
INFO: [ app_end ] --START--
INFO: Run Behavior\ShowPageTraceBehavior [ RunTime:0.000000s ]
INFO: [ app_end ] --END-- [ RunTime:0.000000s ]

[ 2017-12-22T22:11:41+08:00 ] 127.0.0.1 /index.php/Home/Index/assets.html
INFO: [ app_init ] --START--
INFO: Run Behavior\BuildLiteBehavior [ RunTime:0.000000s ]
INFO: [ app_init ] --END-- [ RunTime:0.001001s ]
INFO: [ app_begin ] --START--
INFO: Run Behavior\ReadHtmlCacheBehavior [ RunTime:0.001000s ]
INFO: [ app_begin ] --END-- [ RunTime:0.001000s ]
SQL: SHOW COLUMNS FROM `p_menber` [ RunTime:0.0120s ]
SQL: SELECT * FROM `p_menber` WHERE `uid` = 40  [ RunTime:0.0010s ]
SQL: SHOW COLUMNS FROM `p_incomelog` [ RunTime:0.0130s ]
SQL: SELECT SUM(income) AS tp_sum FROM `p_incomelog` WHERE `userid` = 40 AND `state` = 1 AND `type` IN ('1','9','11') LIMIT 1   [ RunTime:0.0000s ]
SQL: SELECT SUM(income) AS tp_sum FROM `p_incomelog` WHERE `state` = 1 AND `userid` = 40 AND `type` = 1 LIMIT 1   [ RunTime:0.0010s ]
INFO: [ view_parse ] --START--
INFO: [ template_filter ] --START--
INFO: Run Behavior\ContentReplaceBehavior [ RunTime:0.001000s ]
INFO: [ template_filter ] --END-- [ RunTime:0.001000s ]
INFO: Run Behavior\ParseTemplateBehavior [ RunTime:0.021001s ]
INFO: [ view_parse ] --END-- [ RunTime:0.021001s ]
INFO: [ view_filter ] --START--
INFO: Run Behavior\WriteHtmlCacheBehavior [ RunTime:0.001000s ]
INFO: [ view_filter ] --END-- [ RunTime:0.001000s ]
INFO: [ app_end ] --START--
INFO: Run Behavior\ShowPageTraceBehavior [ RunTime:0.000000s ]
INFO: [ app_end ] --END-- [ RunTime:0.000000s ]

