[ 2017-12-19T21:18:51+08:00 ] 127.0.0.1 /index.php/Admin/User/Login
INFO: [ app_init ] --START--
INFO: Run Behavior\BuildLiteBehavior [ RunTime:0.000000s ]
INFO: [ app_init ] --END-- [ RunTime:0.000000s ]
INFO: [ app_begin ] --START--
INFO: Run Behavior\ReadHtmlCacheBehavior [ RunTime:0.001000s ]
INFO: [ app_begin ] --END-- [ RunTime:0.001000s ]
INFO: [ view_parse ] --START--
INFO: [ template_filter ] --START--
INFO: Run Behavior\ContentReplaceBehavior [ RunTime:0.000000s ]
INFO: [ template_filter ] --END-- [ RunTime:0.000000s ]
INFO: Run Behavior\ParseTemplateBehavior [ RunTime:0.021001s ]
INFO: [ view_parse ] --END-- [ RunTime:0.021001s ]
INFO: [ view_filter ] --START--
INFO: Run Behavior\WriteHtmlCacheBehavior [ RunTime:0.001000s ]
INFO: [ view_filter ] --END-- [ RunTime:0.001000s ]
INFO: [ app_end ] --START--
INFO: Run Behavior\ShowPageTraceBehavior [ RunTime:0.000000s ]
INFO: [ app_end ] --END-- [ RunTime:0.000000s ]

[ 2017-12-19T21:18:57+08:00 ] 127.0.0.1 /index.php/Admin/User/Login
INFO: [ app_init ] --START--
INFO: Run Behavior\BuildLiteBehavior [ RunTime:0.000000s ]
INFO: [ app_init ] --END-- [ RunTime:0.001000s ]
INFO: [ app_begin ] --START--
INFO: Run Behavior\ReadHtmlCacheBehavior [ RunTime:0.001000s ]
INFO: [ app_begin ] --END-- [ RunTime:0.001000s ]
SQL: SHOW COLUMNS FROM `p_user` [ RunTime:0.0250s ]
SQL: SELECT * FROM `p_user` WHERE `name` = 'admin'  [ RunTime:0.0010s ]
INFO: [ view_parse ] --START--
INFO: [ template_filter ] --START--
INFO: Run Behavior\ContentReplaceBehavior [ RunTime:0.000000s ]
INFO: [ template_filter ] --END-- [ RunTime:0.000000s ]
INFO: Run Behavior\ParseTemplateBehavior [ RunTime:0.008001s ]
INFO: [ view_parse ] --END-- [ RunTime:0.008001s ]
INFO: [ view_filter ] --START--
INFO: Run Behavior\WriteHtmlCacheBehavior [ RunTime:0.000000s ]
INFO: [ view_filter ] --END-- [ RunTime:0.000000s ]
INFO: [ app_end ] --START--
INFO: Run Behavior\ShowPageTraceBehavior [ RunTime:0.001000s ]
INFO: [ app_end ] --END-- [ RunTime:0.001000s ]

[ 2017-12-19T21:18:57+08:00 ] 127.0.0.1 /index.php/Admin/Index/main
INFO: [ app_init ] --START--
INFO: Run Behavior\BuildLiteBehavior [ RunTime:0.000000s ]
INFO: [ app_init ] --END-- [ RunTime:0.001000s ]
INFO: [ app_begin ] --START--
INFO: Run Behavior\ReadHtmlCacheBehavior [ RunTime:0.000000s ]
INFO: [ app_begin ] --END-- [ RunTime:0.000000s ]
SQL: SHOW COLUMNS FROM `p_user` [ RunTime:0.0120s ]
SQL: SELECT * FROM `p_user` WHERE `name` = 'admin'  [ RunTime:0.0010s ]
SQL: SELECT * FROM `p_user`  [ RunTime:0.0000s ]
INFO: [ view_parse ] --START--
NOTIC: [2] file_get_contents(./Public/conn/header.html): failed to open stream: No such file or directory D:\WWW\dev\devchongzhi\ThinkPHP\Library\Think\Template.class.php 第 696 行.
INFO: [ template_filter ] --START--
INFO: Run Behavior\ContentReplaceBehavior [ RunTime:0.000000s ]
INFO: [ template_filter ] --END-- [ RunTime:0.000000s ]
INFO: Run Behavior\ParseTemplateBehavior [ RunTime:0.072004s ]
INFO: [ view_parse ] --END-- [ RunTime:0.072004s ]
INFO: [ view_filter ] --START--
INFO: Run Behavior\WriteHtmlCacheBehavior [ RunTime:0.000000s ]
INFO: [ view_filter ] --END-- [ RunTime:0.000000s ]
INFO: [ app_end ] --START--
INFO: Run Behavior\ShowPageTraceBehavior [ RunTime:0.001000s ]
INFO: [ app_end ] --END-- [ RunTime:0.001000s ]

[ 2017-12-19T21:19:16+08:00 ] 127.0.0.1 /index.php/Admin/Quan/productlist
INFO: [ app_init ] --START--
INFO: Run Behavior\BuildLiteBehavior [ RunTime:0.000000s ]
INFO: [ app_init ] --END-- [ RunTime:0.000000s ]
INFO: [ app_begin ] --START--
INFO: Run Behavior\ReadHtmlCacheBehavior [ RunTime:0.001000s ]
INFO: [ app_begin ] --END-- [ RunTime:0.001000s ]
SQL: SHOW COLUMNS FROM `p_user` [ RunTime:0.0170s ]
SQL: SELECT * FROM `p_user` WHERE `name` = 'admin'  [ RunTime:0.0010s ]
SQL: SHOW COLUMNS FROM `p_quan` [ RunTime:0.0510s ]
SQL: SELECT * FROM `p_quan` ORDER BY id desc  [ RunTime:0.0010s ]
INFO: [ view_parse ] --START--
INFO: [ template_filter ] --START--
INFO: Run Behavior\ContentReplaceBehavior [ RunTime:0.000000s ]
INFO: [ template_filter ] --END-- [ RunTime:0.000000s ]
NOTIC: [8] Undefined index: type D:\WWW\dev\devchongzhi\Application\Runtime\Cache\Admin\67ea45572e02f2d9b2c068509a7172ad.php 第 197 行.
NOTIC: [8] Undefined index: type D:\WWW\dev\devchongzhi\Application\Runtime\Cache\Admin\67ea45572e02f2d9b2c068509a7172ad.php 第 197 行.
NOTIC: [8] Undefined index: pic D:\WWW\dev\devchongzhi\Application\Runtime\Cache\Admin\67ea45572e02f2d9b2c068509a7172ad.php 第 199 行.
NOTIC: [8] Undefined index: daycome D:\WWW\dev\devchongzhi\Application\Runtime\Cache\Admin\67ea45572e02f2d9b2c068509a7172ad.php 第 201 行.
NOTIC: [8] Undefined index: type D:\WWW\dev\devchongzhi\Application\Runtime\Cache\Admin\67ea45572e02f2d9b2c068509a7172ad.php 第 197 行.
NOTIC: [8] Undefined index: type D:\WWW\dev\devchongzhi\Application\Runtime\Cache\Admin\67ea45572e02f2d9b2c068509a7172ad.php 第 197 行.
NOTIC: [8] Undefined index: pic D:\WWW\dev\devchongzhi\Application\Runtime\Cache\Admin\67ea45572e02f2d9b2c068509a7172ad.php 第 199 行.
NOTIC: [8] Undefined index: daycome D:\WWW\dev\devchongzhi\Application\Runtime\Cache\Admin\67ea45572e02f2d9b2c068509a7172ad.php 第 201 行.
NOTIC: [8] Undefined index: type D:\WWW\dev\devchongzhi\Application\Runtime\Cache\Admin\67ea45572e02f2d9b2c068509a7172ad.php 第 197 行.
NOTIC: [8] Undefined index: type D:\WWW\dev\devchongzhi\Application\Runtime\Cache\Admin\67ea45572e02f2d9b2c068509a7172ad.php 第 197 行.
NOTIC: [8] Undefined index: pic D:\WWW\dev\devchongzhi\Application\Runtime\Cache\Admin\67ea45572e02f2d9b2c068509a7172ad.php 第 199 行.
NOTIC: [8] Undefined index: daycome D:\WWW\dev\devchongzhi\Application\Runtime\Cache\Admin\67ea45572e02f2d9b2c068509a7172ad.php 第 201 行.
NOTIC: [8] Undefined index: type D:\WWW\dev\devchongzhi\Application\Runtime\Cache\Admin\67ea45572e02f2d9b2c068509a7172ad.php 第 197 行.
NOTIC: [8] Undefined index: type D:\WWW\dev\devchongzhi\Application\Runtime\Cache\Admin\67ea45572e02f2d9b2c068509a7172ad.php 第 197 行.
NOTIC: [8] Undefined index: pic D:\WWW\dev\devchongzhi\Application\Runtime\Cache\Admin\67ea45572e02f2d9b2c068509a7172ad.php 第 199 行.
NOTIC: [8] Undefined index: daycome D:\WWW\dev\devchongzhi\Application\Runtime\Cache\Admin\67ea45572e02f2d9b2c068509a7172ad.php 第 201 行.
NOTIC: [8] Undefined index: type D:\WWW\dev\devchongzhi\Application\Runtime\Cache\Admin\67ea45572e02f2d9b2c068509a7172ad.php 第 197 行.
NOTIC: [8] Undefined index: type D:\WWW\dev\devchongzhi\Application\Runtime\Cache\Admin\67ea45572e02f2d9b2c068509a7172ad.php 第 197 行.
NOTIC: [8] Undefined index: pic D:\WWW\dev\devchongzhi\Application\Runtime\Cache\Admin\67ea45572e02f2d9b2c068509a7172ad.php 第 199 行.
NOTIC: [8] Undefined index: daycome D:\WWW\dev\devchongzhi\Application\Runtime\Cache\Admin\67ea45572e02f2d9b2c068509a7172ad.php 第 201 行.
NOTIC: [8] Undefined index: type D:\WWW\dev\devchongzhi\Application\Runtime\Cache\Admin\67ea45572e02f2d9b2c068509a7172ad.php 第 197 行.
NOTIC: [8] Undefined index: type D:\WWW\dev\devchongzhi\Application\Runtime\Cache\Admin\67ea45572e02f2d9b2c068509a7172ad.php 第 197 行.
NOTIC: [8] Undefined index: pic D:\WWW\dev\devchongzhi\Application\Runtime\Cache\Admin\67ea45572e02f2d9b2c068509a7172ad.php 第 199 行.
NOTIC: [8] Undefined index: daycome D:\WWW\dev\devchongzhi\Application\Runtime\Cache\Admin\67ea45572e02f2d9b2c068509a7172ad.php 第 201 行.
NOTIC: [8] Undefined index: type D:\WWW\dev\devchongzhi\Application\Runtime\Cache\Admin\67ea45572e02f2d9b2c068509a7172ad.php 第 197 行.
NOTIC: [8] Undefined index: type D:\WWW\dev\devchongzhi\Application\Runtime\Cache\Admin\67ea45572e02f2d9b2c068509a7172ad.php 第 197 行.
NOTIC: [8] Undefined index: pic D:\WWW\dev\devchongzhi\Application\Runtime\Cache\Admin\67ea45572e02f2d9b2c068509a7172ad.php 第 199 行.
NOTIC: [8] Undefined index: daycome D:\WWW\dev\devchongzhi\Application\Runtime\Cache\Admin\67ea45572e02f2d9b2c068509a7172ad.php 第 201 行.
NOTIC: [8] Undefined index: type D:\WWW\dev\devchongzhi\Application\Runtime\Cache\Admin\67ea45572e02f2d9b2c068509a7172ad.php 第 197 行.
NOTIC: [8] Undefined index: type D:\WWW\dev\devchongzhi\Application\Runtime\Cache\Admin\67ea45572e02f2d9b2c068509a7172ad.php 第 197 行.
NOTIC: [8] Undefined index: pic D:\WWW\dev\devchongzhi\Application\Runtime\Cache\Admin\67ea45572e02f2d9b2c068509a7172ad.php 第 199 行.
NOTIC: [8] Undefined index: daycome D:\WWW\dev\devchongzhi\Application\Runtime\Cache\Admin\67ea45572e02f2d9b2c068509a7172ad.php 第 201 行.
NOTIC: [8] Undefined index: type D:\WWW\dev\devchongzhi\Application\Runtime\Cache\Admin\67ea45572e02f2d9b2c068509a7172ad.php 第 197 行.
NOTIC: [8] Undefined index: type D:\WWW\dev\devchongzhi\Application\Runtime\Cache\Admin\67ea45572e02f2d9b2c068509a7172ad.php 第 197 行.
NOTIC: [8] Undefined index: pic D:\WWW\dev\devchongzhi\Application\Runtime\Cache\Admin\67ea45572e02f2d9b2c068509a7172ad.php 第 199 行.
NOTIC: [8] Undefined index: daycome D:\WWW\dev\devchongzhi\Application\Runtime\Cache\Admin\67ea45572e02f2d9b2c068509a7172ad.php 第 201 行.
INFO: Run Behavior\ParseTemplateBehavior [ RunTime:0.061003s ]
INFO: [ view_parse ] --END-- [ RunTime:0.062003s ]
INFO: [ view_filter ] --START--
INFO: Run Behavior\WriteHtmlCacheBehavior [ RunTime:0.000000s ]
INFO: [ view_filter ] --END-- [ RunTime:0.000000s ]
INFO: [ app_end ] --START--
INFO: Run Behavior\ShowPageTraceBehavior [ RunTime:0.001000s ]
INFO: [ app_end ] --END-- [ RunTime:0.001000s ]

[ 2017-12-19T21:19:17+08:00 ] 127.0.0.1 /index.php/Admin/Quan/addproduct
INFO: [ app_init ] --START--
INFO: Run Behavior\BuildLiteBehavior [ RunTime:0.000000s ]
INFO: [ app_init ] --END-- [ RunTime:0.000000s ]
INFO: [ app_begin ] --START--
INFO: Run Behavior\ReadHtmlCacheBehavior [ RunTime:0.001000s ]
INFO: [ app_begin ] --END-- [ RunTime:0.001000s ]
SQL: SHOW COLUMNS FROM `p_user` [ RunTime:0.0170s ]
SQL: SELECT * FROM `p_user` WHERE `name` = 'admin'  [ RunTime:0.0010s ]
NOTIC: [8] Undefined index: price D:\WWW\dev\devchongzhi\Application\Admin\Controller\QuanController.class.php 第 9 行.
INFO: [ view_parse ] --START--
INFO: [ template_filter ] --START--
INFO: Run Behavior\ContentReplaceBehavior [ RunTime:0.000000s ]
INFO: [ template_filter ] --END-- [ RunTime:0.000000s ]
INFO: Run Behavior\ParseTemplateBehavior [ RunTime:0.059003s ]
INFO: [ view_parse ] --END-- [ RunTime:0.059003s ]
INFO: [ view_filter ] --START--
INFO: Run Behavior\WriteHtmlCacheBehavior [ RunTime:0.000000s ]
INFO: [ view_filter ] --END-- [ RunTime:0.000000s ]
INFO: [ app_end ] --START--
INFO: Run Behavior\ShowPageTraceBehavior [ RunTime:0.000000s ]
INFO: [ app_end ] --END-- [ RunTime:0.000000s ]

[ 2017-12-19T21:19:24+08:00 ] 127.0.0.1 /index.php/Admin/Quan/addproduct
INFO: [ app_init ] --START--
INFO: Run Behavior\BuildLiteBehavior [ RunTime:0.000000s ]
INFO: [ app_init ] --END-- [ RunTime:0.000000s ]
INFO: [ app_begin ] --START--
INFO: Run Behavior\ReadHtmlCacheBehavior [ RunTime:0.002001s ]
INFO: [ app_begin ] --END-- [ RunTime:0.002001s ]
SQL: SHOW COLUMNS FROM `p_user` [ RunTime:0.0110s ]
SQL: SELECT * FROM `p_user` WHERE `name` = 'admin'  [ RunTime:0.0000s ]
SQL: SHOW COLUMNS FROM `p_quan` [ RunTime:0.0120s ]
SQL: INSERT INTO `p_quan` (`cont`,`price`,`addymd`,`addtime`,`state`) VALUES ('06QXT0','1999','2017-12-19 21:19:24','1513689564','1') [ RunTime:0.0000s ]
INFO: [ view_parse ] --START--
INFO: [ template_filter ] --START--
INFO: Run Behavior\ContentReplaceBehavior [ RunTime:0.000000s ]
INFO: [ template_filter ] --END-- [ RunTime:0.000000s ]
INFO: Run Behavior\ParseTemplateBehavior [ RunTime:0.014001s ]
INFO: [ view_parse ] --END-- [ RunTime:0.014001s ]
INFO: [ view_filter ] --START--
INFO: Run Behavior\WriteHtmlCacheBehavior [ RunTime:0.000000s ]
INFO: [ view_filter ] --END-- [ RunTime:0.000000s ]
INFO: [ app_end ] --START--
INFO: Run Behavior\ShowPageTraceBehavior [ RunTime:0.001000s ]
INFO: [ app_end ] --END-- [ RunTime:0.001000s ]

[ 2017-12-19T21:19:25+08:00 ] 127.0.0.1 /index.php/Admin/Quan/productlist
INFO: [ app_init ] --START--
INFO: Run Behavior\BuildLiteBehavior [ RunTime:0.000000s ]
INFO: [ app_init ] --END-- [ RunTime:0.001000s ]
INFO: [ app_begin ] --START--
INFO: Run Behavior\ReadHtmlCacheBehavior [ RunTime:0.000000s ]
INFO: [ app_begin ] --END-- [ RunTime:0.000000s ]
SQL: SHOW COLUMNS FROM `p_user` [ RunTime:0.0130s ]
SQL: SELECT * FROM `p_user` WHERE `name` = 'admin'  [ RunTime:0.0010s ]
SQL: SHOW COLUMNS FROM `p_quan` [ RunTime:0.0120s ]
SQL: SELECT * FROM `p_quan` ORDER BY id desc  [ RunTime:0.0000s ]
INFO: [ view_parse ] --START--
INFO: [ template_filter ] --START--
INFO: Run Behavior\ContentReplaceBehavior [ RunTime:0.001000s ]
INFO: [ template_filter ] --END-- [ RunTime:0.001000s ]
NOTIC: [8] Undefined index: type D:\WWW\dev\devchongzhi\Application\Runtime\Cache\Admin\67ea45572e02f2d9b2c068509a7172ad.php 第 197 行.
NOTIC: [8] Undefined index: type D:\WWW\dev\devchongzhi\Application\Runtime\Cache\Admin\67ea45572e02f2d9b2c068509a7172ad.php 第 197 行.
NOTIC: [8] Undefined index: pic D:\WWW\dev\devchongzhi\Application\Runtime\Cache\Admin\67ea45572e02f2d9b2c068509a7172ad.php 第 199 行.
NOTIC: [8] Undefined index: daycome D:\WWW\dev\devchongzhi\Application\Runtime\Cache\Admin\67ea45572e02f2d9b2c068509a7172ad.php 第 201 行.
NOTIC: [8] Undefined index: type D:\WWW\dev\devchongzhi\Application\Runtime\Cache\Admin\67ea45572e02f2d9b2c068509a7172ad.php 第 197 行.
NOTIC: [8] Undefined index: type D:\WWW\dev\devchongzhi\Application\Runtime\Cache\Admin\67ea45572e02f2d9b2c068509a7172ad.php 第 197 行.
NOTIC: [8] Undefined index: pic D:\WWW\dev\devchongzhi\Application\Runtime\Cache\Admin\67ea45572e02f2d9b2c068509a7172ad.php 第 199 行.
NOTIC: [8] Undefined index: daycome D:\WWW\dev\devchongzhi\Application\Runtime\Cache\Admin\67ea45572e02f2d9b2c068509a7172ad.php 第 201 行.
NOTIC: [8] Undefined index: type D:\WWW\dev\devchongzhi\Application\Runtime\Cache\Admin\67ea45572e02f2d9b2c068509a7172ad.php 第 197 行.
NOTIC: [8] Undefined index: type D:\WWW\dev\devchongzhi\Application\Runtime\Cache\Admin\67ea45572e02f2d9b2c068509a7172ad.php 第 197 行.
NOTIC: [8] Undefined index: pic D:\WWW\dev\devchongzhi\Application\Runtime\Cache\Admin\67ea45572e02f2d9b2c068509a7172ad.php 第 199 行.
NOTIC: [8] Undefined index: daycome D:\WWW\dev\devchongzhi\Application\Runtime\Cache\Admin\67ea45572e02f2d9b2c068509a7172ad.php 第 201 行.
NOTIC: [8] Undefined index: type D:\WWW\dev\devchongzhi\Application\Runtime\Cache\Admin\67ea45572e02f2d9b2c068509a7172ad.php 第 197 行.
NOTIC: [8] Undefined index: type D:\WWW\dev\devchongzhi\Application\Runtime\Cache\Admin\67ea45572e02f2d9b2c068509a7172ad.php 第 197 行.
NOTIC: [8] Undefined index: pic D:\WWW\dev\devchongzhi\Application\Runtime\Cache\Admin\67ea45572e02f2d9b2c068509a7172ad.php 第 199 行.
NOTIC: [8] Undefined index: daycome D:\WWW\dev\devchongzhi\Application\Runtime\Cache\Admin\67ea45572e02f2d9b2c068509a7172ad.php 第 201 行.
NOTIC: [8] Undefined index: type D:\WWW\dev\devchongzhi\Application\Runtime\Cache\Admin\67ea45572e02f2d9b2c068509a7172ad.php 第 197 行.
NOTIC: [8] Undefined index: type D:\WWW\dev\devchongzhi\Application\Runtime\Cache\Admin\67ea45572e02f2d9b2c068509a7172ad.php 第 197 行.
NOTIC: [8] Undefined index: pic D:\WWW\dev\devchongzhi\Application\Runtime\Cache\Admin\67ea45572e02f2d9b2c068509a7172ad.php 第 199 行.
NOTIC: [8] Undefined index: daycome D:\WWW\dev\devchongzhi\Application\Runtime\Cache\Admin\67ea45572e02f2d9b2c068509a7172ad.php 第 201 行.
NOTIC: [8] Undefined index: type D:\WWW\dev\devchongzhi\Application\Runtime\Cache\Admin\67ea45572e02f2d9b2c068509a7172ad.php 第 197 行.
NOTIC: [8] Undefined index: type D:\WWW\dev\devchongzhi\Application\Runtime\Cache\Admin\67ea45572e02f2d9b2c068509a7172ad.php 第 197 行.
NOTIC: [8] Undefined index: pic D:\WWW\dev\devchongzhi\Application\Runtime\Cache\Admin\67ea45572e02f2d9b2c068509a7172ad.php 第 199 行.
NOTIC: [8] Undefined index: daycome D:\WWW\dev\devchongzhi\Application\Runtime\Cache\Admin\67ea45572e02f2d9b2c068509a7172ad.php 第 201 行.
NOTIC: [8] Undefined index: type D:\WWW\dev\devchongzhi\Application\Runtime\Cache\Admin\67ea45572e02f2d9b2c068509a7172ad.php 第 197 行.
NOTIC: [8] Undefined index: type D:\WWW\dev\devchongzhi\Application\Runtime\Cache\Admin\67ea45572e02f2d9b2c068509a7172ad.php 第 197 行.
NOTIC: [8] Undefined index: pic D:\WWW\dev\devchongzhi\Application\Runtime\Cache\Admin\67ea45572e02f2d9b2c068509a7172ad.php 第 199 行.
NOTIC: [8] Undefined index: daycome D:\WWW\dev\devchongzhi\Application\Runtime\Cache\Admin\67ea45572e02f2d9b2c068509a7172ad.php 第 201 行.
NOTIC: [8] Undefined index: type D:\WWW\dev\devchongzhi\Application\Runtime\Cache\Admin\67ea45572e02f2d9b2c068509a7172ad.php 第 197 行.
NOTIC: [8] Undefined index: type D:\WWW\dev\devchongzhi\Application\Runtime\Cache\Admin\67ea45572e02f2d9b2c068509a7172ad.php 第 197 行.
NOTIC: [8] Undefined index: pic D:\WWW\dev\devchongzhi\Application\Runtime\Cache\Admin\67ea45572e02f2d9b2c068509a7172ad.php 第 199 行.
NOTIC: [8] Undefined index: daycome D:\WWW\dev\devchongzhi\Application\Runtime\Cache\Admin\67ea45572e02f2d9b2c068509a7172ad.php 第 201 行.
NOTIC: [8] Undefined index: type D:\WWW\dev\devchongzhi\Application\Runtime\Cache\Admin\67ea45572e02f2d9b2c068509a7172ad.php 第 197 行.
NOTIC: [8] Undefined index: type D:\WWW\dev\devchongzhi\Application\Runtime\Cache\Admin\67ea45572e02f2d9b2c068509a7172ad.php 第 197 行.
NOTIC: [8] Undefined index: pic D:\WWW\dev\devchongzhi\Application\Runtime\Cache\Admin\67ea45572e02f2d9b2c068509a7172ad.php 第 199 行.
NOTIC: [8] Undefined index: daycome D:\WWW\dev\devchongzhi\Application\Runtime\Cache\Admin\67ea45572e02f2d9b2c068509a7172ad.php 第 201 行.
NOTIC: [8] Undefined index: type D:\WWW\dev\devchongzhi\Application\Runtime\Cache\Admin\67ea45572e02f2d9b2c068509a7172ad.php 第 197 行.
NOTIC: [8] Undefined index: type D:\WWW\dev\devchongzhi\Application\Runtime\Cache\Admin\67ea45572e02f2d9b2c068509a7172ad.php 第 197 行.
NOTIC: [8] Undefined index: pic D:\WWW\dev\devchongzhi\Application\Runtime\Cache\Admin\67ea45572e02f2d9b2c068509a7172ad.php 第 199 行.
NOTIC: [8] Undefined index: daycome D:\WWW\dev\devchongzhi\Application\Runtime\Cache\Admin\67ea45572e02f2d9b2c068509a7172ad.php 第 201 行.
INFO: Run Behavior\ParseTemplateBehavior [ RunTime:0.014001s ]
INFO: [ view_parse ] --END-- [ RunTime:0.015001s ]
INFO: [ view_filter ] --START--
INFO: Run Behavior\WriteHtmlCacheBehavior [ RunTime:0.000000s ]
INFO: [ view_filter ] --END-- [ RunTime:0.000000s ]
INFO: [ app_end ] --START--
INFO: Run Behavior\ShowPageTraceBehavior [ RunTime:0.001000s ]
INFO: [ app_end ] --END-- [ RunTime:0.001000s ]

[ 2017-12-19T21:20:09+08:00 ] 127.0.0.1 /index.php/Admin/Quan/addproduct
INFO: [ app_init ] --START--
INFO: Run Behavior\BuildLiteBehavior [ RunTime:0.000000s ]
INFO: [ app_init ] --END-- [ RunTime:0.001000s ]
INFO: [ app_begin ] --START--
INFO: Run Behavior\ReadHtmlCacheBehavior [ RunTime:0.001000s ]
INFO: [ app_begin ] --END-- [ RunTime:0.001000s ]
SQL: SHOW COLUMNS FROM `p_user` [ RunTime:0.0150s ]
SQL: SELECT * FROM `p_user` WHERE `name` = 'admin'  [ RunTime:0.0000s ]
NOTIC: [8] Undefined index: price D:\WWW\dev\devchongzhi\Application\Admin\Controller\QuanController.class.php 第 9 行.
INFO: [ view_parse ] --START--
INFO: [ template_filter ] --START--
INFO: Run Behavior\ContentReplaceBehavior [ RunTime:0.000000s ]
INFO: [ template_filter ] --END-- [ RunTime:0.000000s ]
INFO: Run Behavior\ParseTemplateBehavior [ RunTime:0.017001s ]
INFO: [ view_parse ] --END-- [ RunTime:0.017001s ]
INFO: [ view_filter ] --START--
INFO: Run Behavior\WriteHtmlCacheBehavior [ RunTime:0.001000s ]
INFO: [ view_filter ] --END-- [ RunTime:0.001000s ]
INFO: [ app_end ] --START--
INFO: Run Behavior\ShowPageTraceBehavior [ RunTime:0.000000s ]
INFO: [ app_end ] --END-- [ RunTime:0.001000s ]

[ 2017-12-19T21:20:12+08:00 ] 127.0.0.1 /index.php/Admin/Quan/addproduct
INFO: [ app_init ] --START--
INFO: Run Behavior\BuildLiteBehavior [ RunTime:0.000000s ]
INFO: [ app_init ] --END-- [ RunTime:0.001000s ]
INFO: [ app_begin ] --START--
INFO: Run Behavior\ReadHtmlCacheBehavior [ RunTime:0.001000s ]
INFO: [ app_begin ] --END-- [ RunTime:0.001000s ]
SQL: SHOW COLUMNS FROM `p_user` [ RunTime:0.0140s ]
SQL: SELECT * FROM `p_user` WHERE `name` = 'admin'  [ RunTime:0.0010s ]
SQL: SHOW COLUMNS FROM `p_quan` [ RunTime:0.0130s ]
SQL: INSERT INTO `p_quan` (`cont`,`price`,`addymd`,`addtime`,`state`) VALUES ('VYF4ZZ','699','2017-12-19 21:20:12','1513689612','1') [ RunTime:0.0010s ]
INFO: [ view_parse ] --START--
INFO: [ template_filter ] --START--
INFO: Run Behavior\ContentReplaceBehavior [ RunTime:0.000000s ]
INFO: [ template_filter ] --END-- [ RunTime:0.000000s ]
INFO: Run Behavior\ParseTemplateBehavior [ RunTime:0.013000s ]
INFO: [ view_parse ] --END-- [ RunTime:0.013000s ]
INFO: [ view_filter ] --START--
INFO: Run Behavior\WriteHtmlCacheBehavior [ RunTime:0.000000s ]
INFO: [ view_filter ] --END-- [ RunTime:0.000000s ]
INFO: [ app_end ] --START--
INFO: Run Behavior\ShowPageTraceBehavior [ RunTime:0.001000s ]
INFO: [ app_end ] --END-- [ RunTime:0.001000s ]

[ 2017-12-19T21:20:12+08:00 ] 127.0.0.1 /index.php/Admin/Quan/productlist
INFO: [ app_init ] --START--
INFO: Run Behavior\BuildLiteBehavior [ RunTime:0.000000s ]
INFO: [ app_init ] --END-- [ RunTime:0.000000s ]
INFO: [ app_begin ] --START--
INFO: Run Behavior\ReadHtmlCacheBehavior [ RunTime:0.001000s ]
INFO: [ app_begin ] --END-- [ RunTime:0.001000s ]
SQL: SHOW COLUMNS FROM `p_user` [ RunTime:0.0140s ]
SQL: SELECT * FROM `p_user` WHERE `name` = 'admin'  [ RunTime:0.0020s ]
SQL: SHOW COLUMNS FROM `p_quan` [ RunTime:0.0120s ]
SQL: SELECT * FROM `p_quan` ORDER BY id desc  [ RunTime:0.0020s ]
INFO: [ view_parse ] --START--
INFO: [ template_filter ] --START--
INFO: Run Behavior\ContentReplaceBehavior [ RunTime:0.000000s ]
INFO: [ template_filter ] --END-- [ RunTime:0.000000s ]
NOTIC: [8] Undefined index: type D:\WWW\dev\devchongzhi\Application\Runtime\Cache\Admin\67ea45572e02f2d9b2c068509a7172ad.php 第 197 行.
NOTIC: [8] Undefined index: type D:\WWW\dev\devchongzhi\Application\Runtime\Cache\Admin\67ea45572e02f2d9b2c068509a7172ad.php 第 197 行.
NOTIC: [8] Undefined index: pic D:\WWW\dev\devchongzhi\Application\Runtime\Cache\Admin\67ea45572e02f2d9b2c068509a7172ad.php 第 199 行.
NOTIC: [8] Undefined index: daycome D:\WWW\dev\devchongzhi\Application\Runtime\Cache\Admin\67ea45572e02f2d9b2c068509a7172ad.php 第 201 行.
NOTIC: [8] Undefined index: type D:\WWW\dev\devchongzhi\Application\Runtime\Cache\Admin\67ea45572e02f2d9b2c068509a7172ad.php 第 197 行.
NOTIC: [8] Undefined index: type D:\WWW\dev\devchongzhi\Application\Runtime\Cache\Admin\67ea45572e02f2d9b2c068509a7172ad.php 第 197 行.
NOTIC: [8] Undefined index: pic D:\WWW\dev\devchongzhi\Application\Runtime\Cache\Admin\67ea45572e02f2d9b2c068509a7172ad.php 第 199 行.
NOTIC: [8] Undefined index: daycome D:\WWW\dev\devchongzhi\Application\Runtime\Cache\Admin\67ea45572e02f2d9b2c068509a7172ad.php 第 201 行.
NOTIC: [8] Undefined index: type D:\WWW\dev\devchongzhi\Application\Runtime\Cache\Admin\67ea45572e02f2d9b2c068509a7172ad.php 第 197 行.
NOTIC: [8] Undefined index: type D:\WWW\dev\devchongzhi\Application\Runtime\Cache\Admin\67ea45572e02f2d9b2c068509a7172ad.php 第 197 行.
NOTIC: [8] Undefined index: pic D:\WWW\dev\devchongzhi\Application\Runtime\Cache\Admin\67ea45572e02f2d9b2c068509a7172ad.php 第 199 行.
NOTIC: [8] Undefined index: daycome D:\WWW\dev\devchongzhi\Application\Runtime\Cache\Admin\67ea45572e02f2d9b2c068509a7172ad.php 第 201 行.
NOTIC: [8] Undefined index: type D:\WWW\dev\devchongzhi\Application\Runtime\Cache\Admin\67ea45572e02f2d9b2c068509a7172ad.php 第 197 行.
NOTIC: [8] Undefined index: type D:\WWW\dev\devchongzhi\Application\Runtime\Cache\Admin\67ea45572e02f2d9b2c068509a7172ad.php 第 197 行.
NOTIC: [8] Undefined index: pic D:\WWW\dev\devchongzhi\Application\Runtime\Cache\Admin\67ea45572e02f2d9b2c068509a7172ad.php 第 199 行.
NOTIC: [8] Undefined index: daycome D:\WWW\dev\devchongzhi\Application\Runtime\Cache\Admin\67ea45572e02f2d9b2c068509a7172ad.php 第 201 行.
NOTIC: [8] Undefined index: type D:\WWW\dev\devchongzhi\Application\Runtime\Cache\Admin\67ea45572e02f2d9b2c068509a7172ad.php 第 197 行.
NOTIC: [8] Undefined index: type D:\WWW\dev\devchongzhi\Application\Runtime\Cache\Admin\67ea45572e02f2d9b2c068509a7172ad.php 第 197 行.
NOTIC: [8] Undefined index: pic D:\WWW\dev\devchongzhi\Application\Runtime\Cache\Admin\67ea45572e02f2d9b2c068509a7172ad.php 第 199 行.
NOTIC: [8] Undefined index: daycome D:\WWW\dev\devchongzhi\Application\Runtime\Cache\Admin\67ea45572e02f2d9b2c068509a7172ad.php 第 201 行.
NOTIC: [8] Undefined index: type D:\WWW\dev\devchongzhi\Application\Runtime\Cache\Admin\67ea45572e02f2d9b2c068509a7172ad.php 第 197 行.
NOTIC: [8] Undefined index: type D:\WWW\dev\devchongzhi\Application\Runtime\Cache\Admin\67ea45572e02f2d9b2c068509a7172ad.php 第 197 行.
NOTIC: [8] Undefined index: pic D:\WWW\dev\devchongzhi\Application\Runtime\Cache\Admin\67ea45572e02f2d9b2c068509a7172ad.php 第 199 行.
NOTIC: [8] Undefined index: daycome D:\WWW\dev\devchongzhi\Application\Runtime\Cache\Admin\67ea45572e02f2d9b2c068509a7172ad.php 第 201 行.
NOTIC: [8] Undefined index: type D:\WWW\dev\devchongzhi\Application\Runtime\Cache\Admin\67ea45572e02f2d9b2c068509a7172ad.php 第 197 行.
NOTIC: [8] Undefined index: type D:\WWW\dev\devchongzhi\Application\Runtime\Cache\Admin\67ea45572e02f2d9b2c068509a7172ad.php 第 197 行.
NOTIC: [8] Undefined index: pic D:\WWW\dev\devchongzhi\Application\Runtime\Cache\Admin\67ea45572e02f2d9b2c068509a7172ad.php 第 199 行.
NOTIC: [8] Undefined index: daycome D:\WWW\dev\devchongzhi\Application\Runtime\Cache\Admin\67ea45572e02f2d9b2c068509a7172ad.php 第 201 行.
NOTIC: [8] Undefined index: type D:\WWW\dev\devchongzhi\Application\Runtime\Cache\Admin\67ea45572e02f2d9b2c068509a7172ad.php 第 197 行.
NOTIC: [8] Undefined index: type D:\WWW\dev\devchongzhi\Application\Runtime\Cache\Admin\67ea45572e02f2d9b2c068509a7172ad.php 第 197 行.
NOTIC: [8] Undefined index: pic D:\WWW\dev\devchongzhi\Application\Runtime\Cache\Admin\67ea45572e02f2d9b2c068509a7172ad.php 第 199 行.
NOTIC: [8] Undefined index: daycome D:\WWW\dev\devchongzhi\Application\Runtime\Cache\Admin\67ea45572e02f2d9b2c068509a7172ad.php 第 201 行.
NOTIC: [8] Undefined index: type D:\WWW\dev\devchongzhi\Application\Runtime\Cache\Admin\67ea45572e02f2d9b2c068509a7172ad.php 第 197 行.
NOTIC: [8] Undefined index: type D:\WWW\dev\devchongzhi\Application\Runtime\Cache\Admin\67ea45572e02f2d9b2c068509a7172ad.php 第 197 行.
NOTIC: [8] Undefined index: pic D:\WWW\dev\devchongzhi\Application\Runtime\Cache\Admin\67ea45572e02f2d9b2c068509a7172ad.php 第 199 行.
NOTIC: [8] Undefined index: daycome D:\WWW\dev\devchongzhi\Application\Runtime\Cache\Admin\67ea45572e02f2d9b2c068509a7172ad.php 第 201 行.
NOTIC: [8] Undefined index: type D:\WWW\dev\devchongzhi\Application\Runtime\Cache\Admin\67ea45572e02f2d9b2c068509a7172ad.php 第 197 行.
NOTIC: [8] Undefined index: type D:\WWW\dev\devchongzhi\Application\Runtime\Cache\Admin\67ea45572e02f2d9b2c068509a7172ad.php 第 197 行.
NOTIC: [8] Undefined index: pic D:\WWW\dev\devchongzhi\Application\Runtime\Cache\Admin\67ea45572e02f2d9b2c068509a7172ad.php 第 199 行.
NOTIC: [8] Undefined index: daycome D:\WWW\dev\devchongzhi\Application\Runtime\Cache\Admin\67ea45572e02f2d9b2c068509a7172ad.php 第 201 行.
NOTIC: [8] Undefined index: type D:\WWW\dev\devchongzhi\Application\Runtime\Cache\Admin\67ea45572e02f2d9b2c068509a7172ad.php 第 197 行.
NOTIC: [8] Undefined index: type D:\WWW\dev\devchongzhi\Application\Runtime\Cache\Admin\67ea45572e02f2d9b2c068509a7172ad.php 第 197 行.
NOTIC: [8] Undefined index: pic D:\WWW\dev\devchongzhi\Application\Runtime\Cache\Admin\67ea45572e02f2d9b2c068509a7172ad.php 第 199 行.
NOTIC: [8] Undefined index: daycome D:\WWW\dev\devchongzhi\Application\Runtime\Cache\Admin\67ea45572e02f2d9b2c068509a7172ad.php 第 201 行.
INFO: Run Behavior\ParseTemplateBehavior [ RunTime:0.014001s ]
INFO: [ view_parse ] --END-- [ RunTime:0.014001s ]
INFO: [ view_filter ] --START--
INFO: Run Behavior\WriteHtmlCacheBehavior [ RunTime:0.000000s ]
INFO: [ view_filter ] --END-- [ RunTime:0.000000s ]
INFO: [ app_end ] --START--
INFO: Run Behavior\ShowPageTraceBehavior [ RunTime:0.000000s ]
INFO: [ app_end ] --END-- [ RunTime:0.000000s ]

[ 2017-12-19T21:20:34+08:00 ] 127.0.0.1 /index.php/Admin/Quan/addproduct
INFO: [ app_init ] --START--
INFO: Run Behavior\BuildLiteBehavior [ RunTime:0.000000s ]
INFO: [ app_init ] --END-- [ RunTime:0.001000s ]
INFO: [ app_begin ] --START--
INFO: Run Behavior\ReadHtmlCacheBehavior [ RunTime:0.000000s ]
INFO: [ app_begin ] --END-- [ RunTime:0.001000s ]
SQL: SHOW COLUMNS FROM `p_user` [ RunTime:0.0160s ]
SQL: SELECT * FROM `p_user` WHERE `name` = 'admin'  [ RunTime:0.0020s ]
NOTIC: [8] Undefined index: price D:\WWW\dev\devchongzhi\Application\Admin\Controller\QuanController.class.php 第 9 行.
INFO: [ view_parse ] --START--
INFO: [ template_filter ] --START--
INFO: Run Behavior\ContentReplaceBehavior [ RunTime:0.000000s ]
INFO: [ template_filter ] --END-- [ RunTime:0.000000s ]
INFO: Run Behavior\ParseTemplateBehavior [ RunTime:0.018001s ]
INFO: [ view_parse ] --END-- [ RunTime:0.018001s ]
INFO: [ view_filter ] --START--
INFO: Run Behavior\WriteHtmlCacheBehavior [ RunTime:0.000000s ]
INFO: [ view_filter ] --END-- [ RunTime:0.000000s ]
INFO: [ app_end ] --START--
INFO: Run Behavior\ShowPageTraceBehavior [ RunTime:0.001000s ]
INFO: [ app_end ] --END-- [ RunTime:0.001000s ]

[ 2017-12-19T21:20:37+08:00 ] 127.0.0.1 /index.php/Admin/Quan/addproduct
INFO: [ app_init ] --START--
INFO: Run Behavior\BuildLiteBehavior [ RunTime:0.000000s ]
INFO: [ app_init ] --END-- [ RunTime:0.001000s ]
INFO: [ app_begin ] --START--
INFO: Run Behavior\ReadHtmlCacheBehavior [ RunTime:0.000000s ]
INFO: [ app_begin ] --END-- [ RunTime:0.000000s ]
SQL: SHOW COLUMNS FROM `p_user` [ RunTime:0.0130s ]
SQL: SELECT * FROM `p_user` WHERE `name` = 'admin'  [ RunTime:0.0000s ]
SQL: SHOW COLUMNS FROM `p_quan` [ RunTime:0.0160s ]
SQL: INSERT INTO `p_quan` (`cont`,`price`,`addymd`,`addtime`,`state`) VALUES ('XTRIAB','1300','2017-12-19 21:20:37','1513689637','1') [ RunTime:0.0010s ]
INFO: [ view_parse ] --START--
INFO: [ template_filter ] --START--
INFO: Run Behavior\ContentReplaceBehavior [ RunTime:0.000000s ]
INFO: [ template_filter ] --END-- [ RunTime:0.001000s ]
INFO: Run Behavior\ParseTemplateBehavior [ RunTime:0.014001s ]
INFO: [ view_parse ] --END-- [ RunTime:0.015001s ]
INFO: [ view_filter ] --START--
INFO: Run Behavior\WriteHtmlCacheBehavior [ RunTime:0.000000s ]
INFO: [ view_filter ] --END-- [ RunTime:0.000000s ]
INFO: [ app_end ] --START--
INFO: Run Behavior\ShowPageTraceBehavior [ RunTime:0.001000s ]
INFO: [ app_end ] --END-- [ RunTime:0.001000s ]

[ 2017-12-19T21:20:37+08:00 ] 127.0.0.1 /index.php/Admin/Quan/productlist
INFO: [ app_init ] --START--
INFO: Run Behavior\BuildLiteBehavior [ RunTime:0.000000s ]
INFO: [ app_init ] --END-- [ RunTime:0.000000s ]
INFO: [ app_begin ] --START--
INFO: Run Behavior\ReadHtmlCacheBehavior [ RunTime:0.001000s ]
INFO: [ app_begin ] --END-- [ RunTime:0.001000s ]
SQL: SHOW COLUMNS FROM `p_user` [ RunTime:0.0130s ]
SQL: SELECT * FROM `p_user` WHERE `name` = 'admin'  [ RunTime:0.0000s ]
SQL: SHOW COLUMNS FROM `p_quan` [ RunTime:0.0120s ]
SQL: SELECT * FROM `p_quan` ORDER BY id desc  [ RunTime:0.0010s ]
INFO: [ view_parse ] --START--
INFO: [ template_filter ] --START--
INFO: Run Behavior\ContentReplaceBehavior [ RunTime:0.000000s ]
INFO: [ template_filter ] --END-- [ RunTime:0.001000s ]
NOTIC: [8] Undefined index: type D:\WWW\dev\devchongzhi\Application\Runtime\Cache\Admin\67ea45572e02f2d9b2c068509a7172ad.php 第 197 行.
NOTIC: [8] Undefined index: type D:\WWW\dev\devchongzhi\Application\Runtime\Cache\Admin\67ea45572e02f2d9b2c068509a7172ad.php 第 197 行.
NOTIC: [8] Undefined index: pic D:\WWW\dev\devchongzhi\Application\Runtime\Cache\Admin\67ea45572e02f2d9b2c068509a7172ad.php 第 199 行.
NOTIC: [8] Undefined index: daycome D:\WWW\dev\devchongzhi\Application\Runtime\Cache\Admin\67ea45572e02f2d9b2c068509a7172ad.php 第 201 行.
NOTIC: [8] Undefined index: type D:\WWW\dev\devchongzhi\Application\Runtime\Cache\Admin\67ea45572e02f2d9b2c068509a7172ad.php 第 197 行.
NOTIC: [8] Undefined index: type D:\WWW\dev\devchongzhi\Application\Runtime\Cache\Admin\67ea45572e02f2d9b2c068509a7172ad.php 第 197 行.
NOTIC: [8] Undefined index: pic D:\WWW\dev\devchongzhi\Application\Runtime\Cache\Admin\67ea45572e02f2d9b2c068509a7172ad.php 第 199 行.
NOTIC: [8] Undefined index: daycome D:\WWW\dev\devchongzhi\Application\Runtime\Cache\Admin\67ea45572e02f2d9b2c068509a7172ad.php 第 201 行.
NOTIC: [8] Undefined index: type D:\WWW\dev\devchongzhi\Application\Runtime\Cache\Admin\67ea45572e02f2d9b2c068509a7172ad.php 第 197 行.
NOTIC: [8] Undefined index: type D:\WWW\dev\devchongzhi\Application\Runtime\Cache\Admin\67ea45572e02f2d9b2c068509a7172ad.php 第 197 行.
NOTIC: [8] Undefined index: pic D:\WWW\dev\devchongzhi\Application\Runtime\Cache\Admin\67ea45572e02f2d9b2c068509a7172ad.php 第 199 行.
NOTIC: [8] Undefined index: daycome D:\WWW\dev\devchongzhi\Application\Runtime\Cache\Admin\67ea45572e02f2d9b2c068509a7172ad.php 第 201 行.
NOTIC: [8] Undefined index: type D:\WWW\dev\devchongzhi\Application\Runtime\Cache\Admin\67ea45572e02f2d9b2c068509a7172ad.php 第 197 行.
NOTIC: [8] Undefined index: type D:\WWW\dev\devchongzhi\Application\Runtime\Cache\Admin\67ea45572e02f2d9b2c068509a7172ad.php 第 197 行.
NOTIC: [8] Undefined index: pic D:\WWW\dev\devchongzhi\Application\Runtime\Cache\Admin\67ea45572e02f2d9b2c068509a7172ad.php 第 199 行.
NOTIC: [8] Undefined index: daycome D:\WWW\dev\devchongzhi\Application\Runtime\Cache\Admin\67ea45572e02f2d9b2c068509a7172ad.php 第 201 行.
NOTIC: [8] Undefined index: type D:\WWW\dev\devchongzhi\Application\Runtime\Cache\Admin\67ea45572e02f2d9b2c068509a7172ad.php 第 197 行.
NOTIC: [8] Undefined index: type D:\WWW\dev\devchongzhi\Application\Runtime\Cache\Admin\67ea45572e02f2d9b2c068509a7172ad.php 第 197 行.
NOTIC: [8] Undefined index: pic D:\WWW\dev\devchongzhi\Application\Runtime\Cache\Admin\67ea45572e02f2d9b2c068509a7172ad.php 第 199 行.
NOTIC: [8] Undefined index: daycome D:\WWW\dev\devchongzhi\Application\Runtime\Cache\Admin\67ea45572e02f2d9b2c068509a7172ad.php 第 201 行.
NOTIC: [8] Undefined index: type D:\WWW\dev\devchongzhi\Application\Runtime\Cache\Admin\67ea45572e02f2d9b2c068509a7172ad.php 第 197 行.
NOTIC: [8] Undefined index: type D:\WWW\dev\devchongzhi\Application\Runtime\Cache\Admin\67ea45572e02f2d9b2c068509a7172ad.php 第 197 行.
NOTIC: [8] Undefined index: pic D:\WWW\dev\devchongzhi\Application\Runtime\Cache\Admin\67ea45572e02f2d9b2c068509a7172ad.php 第 199 行.
NOTIC: [8] Undefined index: daycome D:\WWW\dev\devchongzhi\Application\Runtime\Cache\Admin\67ea45572e02f2d9b2c068509a7172ad.php 第 201 行.
NOTIC: [8] Undefined index: type D:\WWW\dev\devchongzhi\Application\Runtime\Cache\Admin\67ea45572e02f2d9b2c068509a7172ad.php 第 197 行.
NOTIC: [8] Undefined index: type D:\WWW\dev\devchongzhi\Application\Runtime\Cache\Admin\67ea45572e02f2d9b2c068509a7172ad.php 第 197 行.
NOTIC: [8] Undefined index: pic D:\WWW\dev\devchongzhi\Application\Runtime\Cache\Admin\67ea45572e02f2d9b2c068509a7172ad.php 第 199 行.
NOTIC: [8] Undefined index: daycome D:\WWW\dev\devchongzhi\Application\Runtime\Cache\Admin\67ea45572e02f2d9b2c068509a7172ad.php 第 201 行.
NOTIC: [8] Undefined index: type D:\WWW\dev\devchongzhi\Application\Runtime\Cache\Admin\67ea45572e02f2d9b2c068509a7172ad.php 第 197 行.
NOTIC: [8] Undefined index: type D:\WWW\dev\devchongzhi\Application\Runtime\Cache\Admin\67ea45572e02f2d9b2c068509a7172ad.php 第 197 行.
NOTIC: [8] Undefined index: pic D:\WWW\dev\devchongzhi\Application\Runtime\Cache\Admin\67ea45572e02f2d9b2c068509a7172ad.php 第 199 行.
NOTIC: [8] Undefined index: daycome D:\WWW\dev\devchongzhi\Application\Runtime\Cache\Admin\67ea45572e02f2d9b2c068509a7172ad.php 第 201 行.
NOTIC: [8] Undefined index: type D:\WWW\dev\devchongzhi\Application\Runtime\Cache\Admin\67ea45572e02f2d9b2c068509a7172ad.php 第 197 行.
NOTIC: [8] Undefined index: type D:\WWW\dev\devchongzhi\Application\Runtime\Cache\Admin\67ea45572e02f2d9b2c068509a7172ad.php 第 197 行.
NOTIC: [8] Undefined index: pic D:\WWW\dev\devchongzhi\Application\Runtime\Cache\Admin\67ea45572e02f2d9b2c068509a7172ad.php 第 199 行.
NOTIC: [8] Undefined index: daycome D:\WWW\dev\devchongzhi\Application\Runtime\Cache\Admin\67ea45572e02f2d9b2c068509a7172ad.php 第 201 行.
NOTIC: [8] Undefined index: type D:\WWW\dev\devchongzhi\Application\Runtime\Cache\Admin\67ea45572e02f2d9b2c068509a7172ad.php 第 197 行.
NOTIC: [8] Undefined index: type D:\WWW\dev\devchongzhi\Application\Runtime\Cache\Admin\67ea45572e02f2d9b2c068509a7172ad.php 第 197 行.
NOTIC: [8] Undefined index: pic D:\WWW\dev\devchongzhi\Application\Runtime\Cache\Admin\67ea45572e02f2d9b2c068509a7172ad.php 第 199 行.
NOTIC: [8] Undefined index: daycome D:\WWW\dev\devchongzhi\Application\Runtime\Cache\Admin\67ea45572e02f2d9b2c068509a7172ad.php 第 201 行.
NOTIC: [8] Undefined index: type D:\WWW\dev\devchongzhi\Application\Runtime\Cache\Admin\67ea45572e02f2d9b2c068509a7172ad.php 第 197 行.
NOTIC: [8] Undefined index: type D:\WWW\dev\devchongzhi\Application\Runtime\Cache\Admin\67ea45572e02f2d9b2c068509a7172ad.php 第 197 行.
NOTIC: [8] Undefined index: pic D:\WWW\dev\devchongzhi\Application\Runtime\Cache\Admin\67ea45572e02f2d9b2c068509a7172ad.php 第 199 行.
NOTIC: [8] Undefined index: daycome D:\WWW\dev\devchongzhi\Application\Runtime\Cache\Admin\67ea45572e02f2d9b2c068509a7172ad.php 第 201 行.
NOTIC: [8] Undefined index: type D:\WWW\dev\devchongzhi\Application\Runtime\Cache\Admin\67ea45572e02f2d9b2c068509a7172ad.php 第 197 行.
NOTIC: [8] Undefined index: type D:\WWW\dev\devchongzhi\Application\Runtime\Cache\Admin\67ea45572e02f2d9b2c068509a7172ad.php 第 197 行.
NOTIC: [8] Undefined index: pic D:\WWW\dev\devchongzhi\Application\Runtime\Cache\Admin\67ea45572e02f2d9b2c068509a7172ad.php 第 199 行.
NOTIC: [8] Undefined index: daycome D:\WWW\dev\devchongzhi\Application\Runtime\Cache\Admin\67ea45572e02f2d9b2c068509a7172ad.php 第 201 行.
INFO: Run Behavior\ParseTemplateBehavior [ RunTime:0.015001s ]
INFO: [ view_parse ] --END-- [ RunTime:0.015001s ]
INFO: [ view_filter ] --START--
INFO: Run Behavior\WriteHtmlCacheBehavior [ RunTime:0.000000s ]
INFO: [ view_filter ] --END-- [ RunTime:0.000000s ]
INFO: [ app_end ] --START--
INFO: Run Behavior\ShowPageTraceBehavior [ RunTime:0.001000s ]
INFO: [ app_end ] --END-- [ RunTime:0.001000s ]

